This is pdfTeX, Version 3.14159265-2.6-1.40.21 (TeX Live 2020/W32TeX) (preloaded format=pdflatex 2020.9.16)  22 APR 2021 21:05
entering extended mode
 restricted \write18 enabled.
 %&-line parsing enabled.
**document.tex
(./document.tex
LaTeX2e <2020-02-02> patch level 5
L3 programming layer <2020-09-06> (./thesis-ekf.cls
Document Class: thesis-ekf 2020/12/22 v4.1 Thesis class for Eszterhazy Karoly U
niversity (Eger, Hungary)
(e:/Programok/texlive/2020/texmf-dist/tex/latex/kvoptions/kvoptions.sty
Package: kvoptions 2019/11/29 v3.13 Key value format for package options (HO)

(e:/Programok/texlive/2020/texmf-dist/tex/latex/graphics/keyval.sty
Package: keyval 2014/10/28 v1.15 key=value parser (DPC)
\KV@toks@=\toks15
)
(e:/Programok/texlive/2020/texmf-dist/tex/generic/ltxcmds/ltxcmds.sty
Package: ltxcmds 2019/12/15 v1.24 LaTeX kernel commands for general use (HO)
)
(e:/Programok/texlive/2020/texmf-dist/tex/generic/kvsetkeys/kvsetkeys.sty
Package: kvsetkeys 2019/12/15 v1.18 Key value parser (HO)
))
(e:/Programok/texlive/2020/texmf-dist/tex/latex/base/report.cls
Document Class: report 2019/12/20 v1.4l Standard LaTeX document class
(e:/Programok/texlive/2020/texmf-dist/tex/latex/base/size12.clo
File: size12.clo 2019/12/20 v1.4l Standard LaTeX file (size option)
)
\c@part=\count168
\c@chapter=\count169
\c@section=\count170
\c@subsection=\count171
\c@subsubsection=\count172
\c@paragraph=\count173
\c@subparagraph=\count174
\c@figure=\count175
\c@table=\count176
\abovecaptionskip=\skip47
\belowcaptionskip=\skip48
\bibindent=\dimen134
)
(e:/Programok/texlive/2020/texmf-dist/tex/generic/iftex/iftex.sty
Package: iftex 2020/03/06 v1.0d TeX engine tests
)
(e:/Programok/texlive/2020/texmf-dist/tex/latex/setspace/setspace.sty
Package: setspace 2011/12/19 v6.7a set line spacing
)
(e:/Programok/texlive/2020/texmf-dist/tex/latex/hyperref/hyperref.sty
Package: hyperref 2020-05-15 v7.00e Hypertext links for LaTeX

(e:/Programok/texlive/2020/texmf-dist/tex/generic/pdftexcmds/pdftexcmds.sty
Package: pdftexcmds 2020-06-27 v0.33 Utility functions of pdfTeX for LuaTeX (HO
)

(e:/Programok/texlive/2020/texmf-dist/tex/generic/infwarerr/infwarerr.sty
Package: infwarerr 2019/12/03 v1.5 Providing info/warning/error messages (HO)
)
Package pdftexcmds Info: \pdf@primitive is available.
Package pdftexcmds Info: \pdf@ifprimitive is available.
Package pdftexcmds Info: \pdfdraftmode found.
)
(e:/Programok/texlive/2020/texmf-dist/tex/generic/kvdefinekeys/kvdefinekeys.sty
Package: kvdefinekeys 2019-12-19 v1.6 Define keys (HO)
) (e:/Programok/texlive/2020/texmf-dist/tex/generic/pdfescape/pdfescape.sty
Package: pdfescape 2019/12/09 v1.15 Implements pdfTeX's escape features (HO)
)
(e:/Programok/texlive/2020/texmf-dist/tex/latex/hycolor/hycolor.sty
Package: hycolor 2020-01-27 v1.10 Color options for hyperref/bookmark (HO)
)
(e:/Programok/texlive/2020/texmf-dist/tex/latex/letltxmacro/letltxmacro.sty
Package: letltxmacro 2019/12/03 v1.6 Let assignment for LaTeX macros (HO)
)
(e:/Programok/texlive/2020/texmf-dist/tex/latex/auxhook/auxhook.sty
Package: auxhook 2019-12-17 v1.6 Hooks for auxiliary files (HO)
)
\@linkdim=\dimen135
\Hy@linkcounter=\count177
\Hy@pagecounter=\count178

(e:/Programok/texlive/2020/texmf-dist/tex/latex/hyperref/pd1enc.def
File: pd1enc.def 2020-05-15 v7.00e Hyperref: PDFDocEncoding definition (HO)
Now handling font encoding PD1 ...
... no UTF-8 mapping file for font encoding PD1
)
(e:/Programok/texlive/2020/texmf-dist/tex/generic/intcalc/intcalc.sty
Package: intcalc 2019/12/15 v1.3 Expandable calculations with integers (HO)
)
(e:/Programok/texlive/2020/texmf-dist/tex/generic/etexcmds/etexcmds.sty
Package: etexcmds 2019/12/15 v1.7 Avoid name clashes with e-TeX commands (HO)
)
\Hy@SavedSpaceFactor=\count179
Package hyperref Info: Option `unicode' set `true' on input line 4338.

(e:/Programok/texlive/2020/texmf-dist/tex/latex/hyperref/puenc.def
File: puenc.def 2020-05-15 v7.00e Hyperref: PDF Unicode definition (HO)
Now handling font encoding PU ...
... no UTF-8 mapping file for font encoding PU
)
Package hyperref Info: Option `linktocpage' set `true' on input line 4338.
Package hyperref Info: Option `bookmarksnumbered' set `true' on input line 4338
.
Package hyperref Info: Hyper figures OFF on input line 4464.
Package hyperref Info: Link nesting OFF on input line 4469.
Package hyperref Info: Hyper index ON on input line 4472.
Package hyperref Info: Plain pages OFF on input line 4479.
Package hyperref Info: Backreferencing OFF on input line 4484.
Package hyperref Info: Implicit mode ON; LaTeX internals redefined.
Package hyperref Info: Bookmarks ON on input line 4717.
\c@Hy@tempcnt=\count180

(e:/Programok/texlive/2020/texmf-dist/tex/latex/url/url.sty
\Urlmuskip=\muskip16
Package: url 2013/09/16  ver 3.4  Verb mode for urls, etc.
)
LaTeX Info: Redefining \url on input line 5076.
\XeTeXLinkMargin=\dimen136

(e:/Programok/texlive/2020/texmf-dist/tex/generic/bitset/bitset.sty
Package: bitset 2019/12/09 v1.3 Handle bit-vector datatype (HO)

(e:/Programok/texlive/2020/texmf-dist/tex/generic/bigintcalc/bigintcalc.sty
Package: bigintcalc 2019/12/15 v1.5 Expandable calculations on big integers (HO
)
))
\Fld@menulength=\count181
\Field@Width=\dimen137
\Fld@charsize=\dimen138
Package hyperref Info: Hyper figures OFF on input line 6347.
Package hyperref Info: Link nesting OFF on input line 6352.
Package hyperref Info: Hyper index ON on input line 6355.
Package hyperref Info: backreferencing OFF on input line 6362.
Package hyperref Info: Link coloring OFF on input line 6367.
Package hyperref Info: Link coloring with OCG OFF on input line 6372.
Package hyperref Info: PDF/A mode OFF on input line 6377.
LaTeX Info: Redefining \ref on input line 6417.
LaTeX Info: Redefining \pageref on input line 6421.

(e:/Programok/texlive/2020/texmf-dist/tex/generic/atbegshi/atbegshi.sty
Package: atbegshi 2019/12/05 v1.19 At begin shipout hook (HO)
)
\Hy@abspage=\count182
\c@Item=\count183
\c@Hfootnote=\count184
)
Package hyperref Info: Driver (autodetected): hpdftex.

(e:/Programok/texlive/2020/texmf-dist/tex/latex/hyperref/hpdftex.def
File: hpdftex.def 2020-05-15 v7.00e Hyperref driver for pdfTeX

(e:/Programok/texlive/2020/texmf-dist/tex/latex/atveryend/atveryend.sty
Package: atveryend 2019-12-11 v1.11 Hooks at the very end of document (HO)
Package atveryend Info: \enddocument detected (standard20110627).
)
\Fld@listcount=\count185
\c@bookmark@seq@number=\count186

(e:/Programok/texlive/2020/texmf-dist/tex/latex/rerunfilecheck/rerunfilecheck.s
ty
Package: rerunfilecheck 2019/12/05 v1.9 Rerun checks for auxiliary files (HO)

(e:/Programok/texlive/2020/texmf-dist/tex/generic/uniquecounter/uniquecounter.s
ty
Package: uniquecounter 2019/12/15 v1.4 Provide unlimited unique counter (HO)
)
Package uniquecounter Info: New unique counter `rerunfilecheck' on input line 2
86.
)
\Hy@SectionHShift=\skip49
) (e:/Programok/texlive/2020/texmf-dist/tex/latex/geometry/geometry.sty
Package: geometry 2020/01/02 v5.9 Page Geometry

(e:/Programok/texlive/2020/texmf-dist/tex/generic/iftex/ifvtex.sty
Package: ifvtex 2019/10/25 v1.7 ifvtex legacy package. Use iftex instead.
)
\Gm@cnth=\count187
\Gm@cntv=\count188
\c@Gm@tempcnt=\count189
\Gm@bindingoffset=\dimen139
\Gm@wd@mp=\dimen140
\Gm@odd@mp=\dimen141
\Gm@even@mp=\dimen142
\Gm@layoutwidth=\dimen143
\Gm@layoutheight=\dimen144
\Gm@layouthoffset=\dimen145
\Gm@layoutvoffset=\dimen146
\Gm@dimlist=\toks16
)
(e:/Programok/texlive/2020/texmf-dist/tex/latex/lm/lmodern.sty
Package: lmodern 2009/10/30 v1.6 Latin Modern Fonts
LaTeX Font Info:    Overwriting symbol font `operators' in version `normal'
(Font)                  OT1/cmr/m/n --> OT1/lmr/m/n on input line 22.
LaTeX Font Info:    Overwriting symbol font `letters' in version `normal'
(Font)                  OML/cmm/m/it --> OML/lmm/m/it on input line 23.
LaTeX Font Info:    Overwriting symbol font `symbols' in version `normal'
(Font)                  OMS/cmsy/m/n --> OMS/lmsy/m/n on input line 24.
LaTeX Font Info:    Overwriting symbol font `largesymbols' in version `normal'
(Font)                  OMX/cmex/m/n --> OMX/lmex/m/n on input line 25.
LaTeX Font Info:    Overwriting symbol font `operators' in version `bold'
(Font)                  OT1/cmr/bx/n --> OT1/lmr/bx/n on input line 26.
LaTeX Font Info:    Overwriting symbol font `letters' in version `bold'
(Font)                  OML/cmm/b/it --> OML/lmm/b/it on input line 27.
LaTeX Font Info:    Overwriting symbol font `symbols' in version `bold'
(Font)                  OMS/cmsy/b/n --> OMS/lmsy/b/n on input line 28.
LaTeX Font Info:    Overwriting symbol font `largesymbols' in version `bold'
(Font)                  OMX/cmex/m/n --> OMX/lmex/m/n on input line 29.
LaTeX Font Info:    Overwriting math alphabet `\mathbf' in version `normal'
(Font)                  OT1/cmr/bx/n --> OT1/lmr/bx/n on input line 31.
LaTeX Font Info:    Overwriting math alphabet `\mathsf' in version `normal'
(Font)                  OT1/cmss/m/n --> OT1/lmss/m/n on input line 32.
LaTeX Font Info:    Overwriting math alphabet `\mathit' in version `normal'
(Font)                  OT1/cmr/m/it --> OT1/lmr/m/it on input line 33.
LaTeX Font Info:    Overwriting math alphabet `\mathtt' in version `normal'
(Font)                  OT1/cmtt/m/n --> OT1/lmtt/m/n on input line 34.
LaTeX Font Info:    Overwriting math alphabet `\mathbf' in version `bold'
(Font)                  OT1/cmr/bx/n --> OT1/lmr/bx/n on input line 35.
LaTeX Font Info:    Overwriting math alphabet `\mathsf' in version `bold'
(Font)                  OT1/cmss/bx/n --> OT1/lmss/bx/n on input line 36.
LaTeX Font Info:    Overwriting math alphabet `\mathit' in version `bold'
(Font)                  OT1/cmr/bx/it --> OT1/lmr/bx/it on input line 37.
LaTeX Font Info:    Overwriting math alphabet `\mathtt' in version `bold'
(Font)                  OT1/cmtt/m/n --> OT1/lmtt/m/n on input line 38.
)
(e:/Programok/texlive/2020/texmf-dist/tex/latex/fixcmex/fixcmex.sty
Package: fixcmex 2019/08/05 v1.1 Scalable math extensions font (Enrico Gregorio
)
)
(e:/Programok/texlive/2020/texmf-dist/tex/latex/etoolbox/etoolbox.sty
Package: etoolbox 2020/08/24 v2.5j e-TeX tools for LaTeX (JAW)
\etb@tempcnta=\count190
)
(e:/Programok/texlive/2020/texmf-dist/tex/latex/graphics/graphicx.sty
Package: graphicx 2019/11/30 v1.2a Enhanced LaTeX Graphics (DPC,SPQR)

(e:/Programok/texlive/2020/texmf-dist/tex/latex/graphics/graphics.sty
Package: graphics 2019/11/30 v1.4a Standard LaTeX Graphics (DPC,SPQR)

(e:/Programok/texlive/2020/texmf-dist/tex/latex/graphics/trig.sty
Package: trig 2016/01/03 v1.10 sin cos tan (DPC)
)
(e:/Programok/texlive/2020/texmf-dist/tex/latex/graphics-cfg/graphics.cfg
File: graphics.cfg 2016/06/04 v1.11 sample graphics configuration
)
Package graphics Info: Driver file: pdftex.def on input line 105.

(e:/Programok/texlive/2020/texmf-dist/tex/latex/graphics-def/pdftex.def
File: pdftex.def 2020/08/26 v1.2 Graphics/color driver for pdftex
))
\Gin@req@height=\dimen147
\Gin@req@width=\dimen148
))
(e:/Programok/texlive/2020/texmf-dist/tex/latex/base/fontenc.sty
Package: fontenc 2020/02/11 v2.0o Standard LaTeX package
LaTeX Font Info:    Trying to load font information for T1+lmr on input line 11
2.

(e:/Programok/texlive/2020/texmf-dist/tex/latex/lm/t1lmr.fd
File: t1lmr.fd 2009/10/30 v1.6 Font defs for Latin Modern
))
(e:/Programok/texlive/2020/texmf-dist/tex/generic/babel/babel.sty
Package: babel 2020/09/01 3.48 The Babel package

(e:/Programok/texlive/2020/texmf-dist/tex/generic/babel/babel.def
File: babel.def 2020/09/01 3.48 Babel common definitions
\babel@savecnt=\count191
\U@D=\dimen149
\l@babelnohyphens=\language86

(e:/Programok/texlive/2020/texmf-dist/tex/generic/babel/txtbabel.def)
\bbl@readstream=\read2
)
\bbl@dirlevel=\count192

(e:/Programok/texlive/2020/texmf-dist/tex/generic/babel-hungarian/magyar.ldf
Language: magyar 2019/01/14 v1.5c Magyar (Hungarian) support for babel
\c@enumv=\count193
Package babel Info: Making ; an active character on input line 2791.
Package babel Info: Making ! an active character on input line 2793.
Package babel Info: Making ? an active character on input line 2799.
Package babel Info: Making : an active character on input line 2801.
Package babel Info: Making ` an active character on input line 2819.
\c@footnote@add=\count194
\c@footnote@ch=\count195
))
(e:/Programok/texlive/2020/texmf-dist/tex/latex/mathtools/mathtools.sty
Package: mathtools 2020/03/24 v1.24 mathematical typesetting tools

(e:/Programok/texlive/2020/texmf-dist/tex/latex/tools/calc.sty
Package: calc 2017/05/25 v4.3 Infix arithmetic (KKT,FJ)
\calc@Acount=\count196
\calc@Bcount=\count197
\calc@Adimen=\dimen150
\calc@Bdimen=\dimen151
\calc@Askip=\skip50
\calc@Bskip=\skip51
LaTeX Info: Redefining \setlength on input line 80.
LaTeX Info: Redefining \addtolength on input line 81.
\calc@Ccount=\count198
\calc@Cskip=\skip52
)
(e:/Programok/texlive/2020/texmf-dist/tex/latex/mathtools/mhsetup.sty
Package: mhsetup 2017/03/31 v1.3 programming setup (MH)
)
(e:/Programok/texlive/2020/texmf-dist/tex/latex/amsmath/amsmath.sty
Package: amsmath 2020/01/20 v2.17e AMS math features
\@mathmargin=\skip53

For additional information on amsmath, use the `?' option.
(e:/Programok/texlive/2020/texmf-dist/tex/latex/amsmath/amstext.sty
Package: amstext 2000/06/29 v2.01 AMS text

(e:/Programok/texlive/2020/texmf-dist/tex/latex/amsmath/amsgen.sty
File: amsgen.sty 1999/11/30 v2.0 generic functions
\@emptytoks=\toks17
\ex@=\dimen152
))
(e:/Programok/texlive/2020/texmf-dist/tex/latex/amsmath/amsbsy.sty
Package: amsbsy 1999/11/29 v1.2d Bold Symbols
\pmbraise@=\dimen153
)
(e:/Programok/texlive/2020/texmf-dist/tex/latex/amsmath/amsopn.sty
Package: amsopn 2016/03/08 v2.02 operator names
)
\inf@bad=\count199
LaTeX Info: Redefining \frac on input line 227.
\uproot@=\count266
\leftroot@=\count267
LaTeX Info: Redefining \overline on input line 389.
\classnum@=\count268
\DOTSCASE@=\count269
LaTeX Info: Redefining \ldots on input line 486.
LaTeX Info: Redefining \dots on input line 489.
LaTeX Info: Redefining \cdots on input line 610.
\Mathstrutbox@=\box45
\strutbox@=\box46
\big@size=\dimen154
LaTeX Font Info:    Redeclaring font encoding OML on input line 733.
LaTeX Font Info:    Redeclaring font encoding OMS on input line 734.
\macc@depth=\count270
\c@MaxMatrixCols=\count271
\dotsspace@=\muskip17
\c@parentequation=\count272
\dspbrk@lvl=\count273
\tag@help=\toks18
\row@=\count274
\column@=\count275
\maxfields@=\count276
\andhelp@=\toks19
\eqnshift@=\dimen155
\alignsep@=\dimen156
\tagshift@=\dimen157
\tagwidth@=\dimen158
\totwidth@=\dimen159
\lineht@=\dimen160
\@envbody=\toks20
\multlinegap=\skip54
\multlinetaggap=\skip55
\mathdisplay@stack=\toks21
LaTeX Info: Redefining \[ on input line 2859.
LaTeX Info: Redefining \] on input line 2860.
)
LaTeX Info: Thecontrolsequence`\('isalreadyrobust on input line 130.
LaTeX Info: Thecontrolsequence`\)'isalreadyrobust on input line 130.
LaTeX Info: Thecontrolsequence`\['isalreadyrobust on input line 130.
LaTeX Info: Thecontrolsequence`\]'isalreadyrobust on input line 130.
\g_MT_multlinerow_int=\count277
\l_MT_multwidth_dim=\dimen161
\origjot=\skip56
\l_MT_shortvdotswithinadjustabove_dim=\dimen162
\l_MT_shortvdotswithinadjustbelow_dim=\dimen163
\l_MT_above_intertext_sep=\dimen164
\l_MT_below_intertext_sep=\dimen165
\l_MT_above_shortintertext_sep=\dimen166
\l_MT_below_shortintertext_sep=\dimen167
\xmathstrut@box=\box47
\xmathstrut@dim=\dimen168
)
(e:/Programok/texlive/2020/texmf-dist/tex/latex/amsfonts/amssymb.sty
Package: amssymb 2013/01/14 v3.01 AMS font symbols

(e:/Programok/texlive/2020/texmf-dist/tex/latex/amsfonts/amsfonts.sty
Package: amsfonts 2013/01/14 v3.01 Basic AMSFonts support
\symAMSa=\mathgroup4
\symAMSb=\mathgroup5
LaTeX Font Info:    Redeclaring math symbol \hbar on input line 98.
LaTeX Font Info:    Overwriting math alphabet `\mathfrak' in version `bold'
(Font)                  U/euf/m/n --> U/euf/b/n on input line 106.
))
(e:/Programok/texlive/2020/texmf-dist/tex/latex/amscls/amsthm.sty
Package: amsthm 2020/05/29 v2.20.6
\thm@style=\toks22
\thm@bodyfont=\toks23
\thm@headfont=\toks24
\thm@notefont=\toks25
\thm@headpunct=\toks26
\thm@preskip=\skip57
\thm@postskip=\skip58
\thm@headsep=\skip59
\dth@everypar=\toks27
)
(e:/Programok/texlive/2020/texmf-dist/tex/latex/listings/listings.sty
\lst@mode=\count278
\lst@gtempboxa=\box48
\lst@token=\toks28
\lst@length=\count279
\lst@currlwidth=\dimen169
\lst@column=\count280
\lst@pos=\count281
\lst@lostspace=\dimen170
\lst@width=\dimen171
\lst@newlines=\count282
\lst@lineno=\count283
\lst@maxwidth=\dimen172

(e:/Programok/texlive/2020/texmf-dist/tex/latex/listings/lstmisc.sty
File: lstmisc.sty 2020/03/24 1.8d (Carsten Heinz)
\c@lstnumber=\count284
\lst@skipnumbers=\count285
\lst@framebox=\box49
)
(e:/Programok/texlive/2020/texmf-dist/tex/latex/listings/listings.cfg
File: listings.cfg 2020/03/24 1.8d listings configuration
))
Package: listings 2020/03/24 1.8d (Carsten Heinz)

(e:/Programok/texlive/2020/texmf-dist/tex/latex/float/float.sty
Package: float 2001/11/08 v1.3d Float enhancements (AL)
\c@float@type=\count286
\float@exts=\toks29
\float@box=\box50
\@float@everytoks=\toks30
\@floatcapt=\box51
)
\c@tetel=\count287

(e:/Programok/texlive/2020/texmf-dist/tex/latex/upquote/upquote.sty
Package: upquote 2012/04/19 v1.3 upright-quote and grave-accent glyphs in verba
tim

(e:/Programok/texlive/2020/texmf-dist/tex/latex/base/textcomp.sty
Package: textcomp 2020/02/02 v2.0n Standard LaTeX package
))
(e:/Programok/texlive/2020/texmf-dist/tex/latex/l3backend/l3backend-pdftex.def
File: l3backend-pdftex.def 2020-09-11 L3 backend support: PDF output (pdfTeX)
\l__kernel_color_stack_int=\count288
\l__pdf_internal_box=\box52
) (./document.aux

LaTeX Warning: Label `fig:contactme' multiply defined.

)
\openout1 = `document.aux'.

LaTeX Font Info:    Checking defaults for OML/cmm/m/it on input line 27.
LaTeX Font Info:    ... okay on input line 27.
LaTeX Font Info:    Checking defaults for OMS/cmsy/m/n on input line 27.
LaTeX Font Info:    ... okay on input line 27.
LaTeX Font Info:    Checking defaults for OT1/cmr/m/n on input line 27.
LaTeX Font Info:    ... okay on input line 27.
LaTeX Font Info:    Checking defaults for T1/cmr/m/n on input line 27.
LaTeX Font Info:    ... okay on input line 27.
LaTeX Font Info:    Checking defaults for TS1/cmr/m/n on input line 27.
LaTeX Font Info:    ... okay on input line 27.
LaTeX Font Info:    Checking defaults for OMX/cmex/m/n on input line 27.
LaTeX Font Info:    ... okay on input line 27.
LaTeX Font Info:    Checking defaults for U/cmr/m/n on input line 27.
LaTeX Font Info:    ... okay on input line 27.
LaTeX Font Info:    Checking defaults for PD1/pdf/m/n on input line 27.
LaTeX Font Info:    ... okay on input line 27.
LaTeX Font Info:    Checking defaults for PU/pdf/m/n on input line 27.
LaTeX Font Info:    ... okay on input line 27.
\AtBeginShipoutBox=\box53
Package hyperref Info: Link coloring OFF on input line 27.
 (e:/Programok/texlive/2020/texmf-dist/tex/latex/hyperref/nameref.sty
Package: nameref 2019/09/16 v2.46 Cross-referencing by name of section

(e:/Programok/texlive/2020/texmf-dist/tex/latex/refcount/refcount.sty
Package: refcount 2019/12/15 v3.6 Data extraction from label references (HO)
)
(e:/Programok/texlive/2020/texmf-dist/tex/generic/gettitlestring/gettitlestring
.sty
Package: gettitlestring 2019/12/15 v1.6 Cleanup title references (HO)
)
\c@section@level=\count289
)
LaTeX Info: Redefining \ref on input line 27.
LaTeX Info: Redefining \pageref on input line 27.
LaTeX Info: Redefining \nameref on input line 27.
 (./document.out) (./document.out)
\@outlinefile=\write3
\openout3 = `document.out'.


*geometry* driver: auto-detecting
*geometry* detected driver: pdftex
*geometry* verbose mode - [ preamble ] result:
* driver: pdftex
* paper: a4paper
* layout: <same size as paper>
* layoutoffset:(h,v)=(0.0pt,0.0pt)
* modes: 
* h-part:(L,W,R)=(85.35826pt, 441.01773pt, 71.13188pt)
* v-part:(T,H,B)=(71.13188pt, 702.78308pt, 71.13188pt)
* \paperwidth=597.50787pt
* \paperheight=845.04684pt
* \textwidth=441.01773pt
* \textheight=702.78308pt
* \oddsidemargin=13.08827pt
* \evensidemargin=13.08827pt
* \topmargin=-38.1381pt
* \headheight=12.0pt
* \headsep=25.0pt
* \topskip=12.0pt
* \footskip=30.0pt
* \marginparwidth=44.0pt
* \marginparsep=10.0pt
* \columnsep=10.0pt
* \skip\footins=10.8pt plus 4.0pt minus 2.0pt
* \hoffset=0.0pt
* \voffset=0.0pt
* \mag=1000
* \@twocolumnfalse
* \@twosidefalse
* \@mparswitchfalse
* \@reversemarginfalse
* (1in=72.27pt=25.4mm, 1cm=28.453pt)

LaTeX Font Info:    Trying to load font information for OT1+lmr on input line 2
7.
(e:/Programok/texlive/2020/texmf-dist/tex/latex/lm/ot1lmr.fd
File: ot1lmr.fd 2009/10/30 v1.6 Font defs for Latin Modern
)
LaTeX Font Info:    Trying to load font information for OML+lmm on input line 2
7.

(e:/Programok/texlive/2020/texmf-dist/tex/latex/lm/omllmm.fd
File: omllmm.fd 2009/10/30 v1.6 Font defs for Latin Modern
)
LaTeX Font Info:    Trying to load font information for OMS+lmsy on input line 
27.

(e:/Programok/texlive/2020/texmf-dist/tex/latex/lm/omslmsy.fd
File: omslmsy.fd 2009/10/30 v1.6 Font defs for Latin Modern
)
LaTeX Font Info:    Trying to load font information for OMX+lmex on input line 
27.

(e:/Programok/texlive/2020/texmf-dist/tex/latex/lm/omxlmex.fd
File: omxlmex.fd 2009/10/30 v1.6 Font defs for Latin Modern
)
LaTeX Font Info:    External font `lmex10' loaded for size
(Font)              <12> on input line 27.
LaTeX Font Info:    External font `lmex10' loaded for size
(Font)              <8> on input line 27.
LaTeX Font Info:    External font `lmex10' loaded for size
(Font)              <6> on input line 27.
LaTeX Font Info:    Trying to load font information for U+msa on input line 27.


(e:/Programok/texlive/2020/texmf-dist/tex/latex/amsfonts/umsa.fd
File: umsa.fd 2013/01/14 v3.01 AMS symbols A
)
LaTeX Font Info:    Trying to load font information for U+msb on input line 27.


(e:/Programok/texlive/2020/texmf-dist/tex/latex/amsfonts/umsb.fd
File: umsb.fd 2013/01/14 v3.01 AMS symbols B
)
LaTeX Font Info:    Overwriting symbol font `largesymbols' in version `normal'
(Font)                  OMX/lmex/m/n --> OMX/cmex/m/n on input line 27.
LaTeX Font Info:    Overwriting symbol font `largesymbols' in version `bold'
(Font)                  OMX/lmex/m/n --> OMX/cmex/m/n on input line 27.

(e:/Programok/texlive/2020/texmf-dist/tex/context/base/mkii/supp-pdf.mkii
[Loading MPS to PDF converter (version 2006.09.02).]
\scratchcounter=\count290
\scratchdimen=\dimen173
\scratchbox=\box54
\nofMPsegments=\count291
\nofMParguments=\count292
\everyMPshowfont=\toks31
\MPscratchCnt=\count293
\MPscratchDim=\dimen174
\MPnumerator=\count294
\makeMPintoPDFobject=\count295
\everyMPtoPDFconversion=\toks32
)
(e:/Programok/texlive/2020/texmf-dist/tex/latex/epstopdf-pkg/epstopdf-base.sty
Package: epstopdf-base 2020-01-24 v2.11 Base part for package epstopdf
Package epstopdf-base Info: Redefining graphics rule for `.eps' on input line 4
85.

(e:/Programok/texlive/2020/texmf-dist/tex/latex/latexconfig/epstopdf-sys.cfg
File: epstopdf-sys.cfg 2010/07/13 v1.3 Configuration of (r)epstopdf for TeX Liv
e
))
\c@lstlisting=\count296

(e:/Programok/texlive/2020/texmf-dist/tex/latex/base/report.cls
LaTeX Info: Redefining \cal on input line 577.
LaTeX Info: Redefining \mit on input line 578.
)
<eszterhazy-logo-hu.pdf, id=265, 256.07469pt x 84.78476pt>
File: eszterhazy-logo-hu.pdf Graphic file (type pdf)
<use eszterhazy-logo-hu.pdf>
Package pdftex.def Info: eszterhazy-logo-hu.pdf  used on input line 38.
(pdftex.def)             Requested size: 256.07405pt x 84.78453pt.
 [1


{e:/Programok/texlive/2020/texmf-var/fonts/map/pdftex/updmap/pdftex.map} <e:/Pr
ogramok/texlive/2020/texmf-dist/tex/latex/thesis-ekf/eszterhazy-logo-hu.pdf>]
(./document.toc [2

])
\tf@toc=\write4
\openout4 = `document.toc'.

 [3] [4

]
1. fejezet.
[5

]
2. fejezet.
(e:/Programok/texlive/2020/texmf-dist/tex/latex/listings/lstlang1.sty
File: lstlang1.sty 2020/03/24 1.8d listings language file
)
Package hyperref Info: bookmark level for unknown lstlisting defaults to 0 on i
nput line 61.

(./codes/sunapp.py [6

]
LaTeX Font Info:    Trying to load font information for TS1+lmr on input line 1
9.

(e:/Programok/texlive/2020/texmf-dist/tex/latex/lm/ts1lmr.fd
File: ts1lmr.fd 2009/10/30 v1.6 Font defs for Latin Modern
)
Overfull \hbox (10.17953pt too wide) in paragraph at lines 37--38
[][][][][][][][][][][][][][][][][][][][][][][][][][][][][][] 
 []

[7]) [8]
<./images/declination.png, id=458, 576.1525pt x 550.055pt>
File: ./images/declination.png Graphic file (type png)
<use ./images/declination.png>
Package pdftex.def Info: ./images/declination.png  used on input line 82.
(pdftex.def)             Requested size: 172.84708pt x 165.01776pt.
 [9pdfTeX warning (ext4): destination with the same identifier (name{figure.2.1
}) has been already used, duplicate ignored

\AtBegShi@Output ...ipout \box \AtBeginShipoutBox 
                                                  \fi \fi 
l.90 				\par K
               isz√°m√≠t√°s√°hoz egy met√≥dust hoztam l√©tre, melnyek a  ,,c...
 <./images/declination.png>] (./codes/calcriseset.py
Overfull \hbox (17.22949pt too wide) in paragraph at lines 10--11
[][][][][][][][][][][][][][][][][][][][][][][][][][][][][][][][] 
 []


Overfull \hbox (24.27945pt too wide) in paragraph at lines 14--15
[][][][][][][][][][][][][][][][][][][][][][][][][][][] 
 []


Overfull \hbox (24.27945pt too wide) in paragraph at lines 21--22
[][][][][][][][][][][][][] 
 []


Overfull \hbox (24.27945pt too wide) in paragraph at lines 24--25
[][][][][][][][][][][][][][][][][][][][][][] 
 []

[10]
Overfull \hbox (17.22949pt too wide) in paragraph at lines 31--32
[][][][][][][][][][][][][][][][][][] 
 []


Overfull \hbox (10.17953pt too wide) in paragraph at lines 32--33
[][][][][][][][][][] 
 []

) (./codes/table.py [11]) (./codes/solar.py [12]) [13] (./codes/consumers.py
[14]) (./codes/calculate_estates.py
Overfull \hbox (17.22949pt too wide) in paragraph at lines 6--7
[][][][][][][][][][][][][][][][][][][] 
 []


Overfull \hbox (31.3294pt too wide) in paragraph at lines 15--16
[][][][][][][][][][][][][][][][][][][] 
 []

) (./codes/estate.py [15]) [16] (./codes/water.py [17]) (./codes/watermain.py)
[18] [19]
<./images/solarCalculator.png, id=780, 961.5925pt x 518.93875pt>
File: ./images/solarCalculator.png Graphic file (type png)
<use ./images/solarCalculator.png>
Package pdftex.def Info: ./images/solarCalculator.png  used on input line 168.
(pdftex.def)             Requested size: 288.47997pt x 155.68282pt.
 (./codes/voltage.ino [20pdfTeX warning (ext4): destination with the same ident
ifier (name{figure.2.2}) has been already used, duplicate ignored

\AtBegShi@Output ...ipout \box \AtBeginShipoutBox 
                                                  \fi \fi 
l.7 void 
         setup() <./images/solarCalculator.png>]) [21]
<./images/encoderplan.jpg, id=836, 637.38126pt x 424.58624pt>
File: ./images/encoderplan.jpg Graphic file (type jpg)
<use ./images/encoderplan.jpg>
Package pdftex.def Info: ./images/encoderplan.jpg  used on input line 188.
(pdftex.def)             Requested size: 223.08678pt x 148.6074pt.
 [22pdfTeX warning (ext4): destination with the same identifier (name{figure.2.
3}) has been already used, duplicate ignored

\AtBegShi@Output ...ipout \box \AtBeginShipoutBox 
                                                  \fi \fi 
l.192 			\par
              Miel≈ëtt hozz√°kezd√ºnk az encoder m≈±k√∂d√©s√©nek szimul√°l√°...
 <./images/encoderplan.jpg>]
<./images/encoderoutput.png, id=844, 303.1325pt x 209.78375pt>
File: ./images/encoderoutput.png Graphic file (type png)
<use ./images/encoderoutput.png>
Package pdftex.def Info: ./images/encoderoutput.png  used on input line 196.
(pdftex.def)             Requested size: 166.72339pt x 115.38141pt.
 (./codes/encoder.ino [23pdfTeX warning (ext4): destination with the same ident
ifier (name{figure.2.4}) has been already used, duplicate ignored

\AtBegShi@Output ...ipout \box \AtBeginShipoutBox 
                                                  \fi \fi 
l.11    pinMode 
                (pinA,INPUT); <./images/encoderoutput.png>]) [24]
<./images/serialmonitor.png, id=905, 1284.8pt x 332.24126pt>
File: ./images/serialmonitor.png Graphic file (type png)
<use ./images/serialmonitor.png>
Package pdftex.def Info: ./images/serialmonitor.png  used on input line 211.
(pdftex.def)             Requested size: 449.68674pt x 116.28618pt.

Overfull \hbox (8.669pt too wide) in paragraph at lines 211--212
 [][] 
 []

[25pdfTeX warning (ext4): destination with the same identifier (name{figure.2.5
}) has been already used, duplicate ignored

\AtBegShi@Output ...ipout \box \AtBeginShipoutBox 
                                                  \fi \fi 
l.216 	\section
               {optimaliz√°l√°s} <./images/serialmonitor.png>]
<./images/tajolas.png, id=915, 364.36125pt x 350.30875pt>
File: ./images/tajolas.png Graphic file (type png)
<use ./images/tajolas.png>
Package pdftex.def Info: ./images/tajolas.png  used on input line 224.
(pdftex.def)             Requested size: 218.61842pt x 210.18686pt.
<./images/grafikon.png, id=917, 324.21124pt x 398.48875pt>
File: ./images/grafikon.png Graphic file (type png)
<use ./images/grafikon.png>
Package pdftex.def Info: ./images/grafikon.png  used on input line 230.
(pdftex.def)             Requested size: 194.52824pt x 239.0951pt.
 [26pdfTeX warning (ext4): destination with the same identifier (name{figure.2.
6}) has been already used, duplicate ignored

\AtBegShi@Output ...ipout \box \AtBeginShipoutBox 
                                                  \fi \fi 
l.233 		 	\par
               Mivel a telep√≠tett napcell√°k nem v√°ltoztathatj√°k d≈ël√©ss...
 <./images/tajolas.png>] [27pdfTeX warning (ext4): destination with the same id
entifier (name{figure.2.7}) has been already used, duplicate ignored

\AtBegShi@Output ...ipout \box \AtBeginShipoutBox 
                                                  \fi \fi 
l.245 			\item E
                lektromos t√∂lt≈ë√°llom√°sok (haszn√°latt√≥l f√ºgg≈ëen v√°lt...
 <./images/grafikon.png>]
<./images/TemperatureAndHumidity.png, id=932, 977.6525pt x 527.9725pt>
File: ./images/TemperatureAndHumidity.png Graphic file (type png)
<use ./images/TemperatureAndHumidity.png>
Package pdftex.def Info: ./images/TemperatureAndHumidity.png  used on input lin
e 259.
(pdftex.def)             Requested size: 293.298pt x 158.39296pt.
 [28pdfTeX warning (ext4): destination with the same identifier (name{figure.2.
8}) has been already used, duplicate ignored

\AtBegShi@Output ...ipout \box \AtBeginShipoutBox 
                                                  \fi \fi 
l.264 			\par
              A k√≥d elej√©n sz√ºks√©ges az el≈ëre defini√°lt portokat dekla...
 <./images/TemperatureAndHumidity.png>] (./codes/weatherStationInit.ino)
(./codes/weatherStationVoid.ino [29]) (./codes/weatherStationLoop.ino [30])
[31]
<./images/consumeProblem.png, id=1053, 642.4pt x 542.025pt>
File: ./images/consumeProblem.png Graphic file (type png)
<use ./images/consumeProblem.png>
Package pdftex.def Info: ./images/consumeProblem.png  used on input line 279.
(pdftex.def)             Requested size: 192.72148pt x 162.60875pt.
 [32pdfTeX warning (ext4): destination with the same identifier (name{figure.2.
9}) has been already used, duplicate ignored

\AtBegShi@Output ...ipout \box \AtBeginShipoutBox 
                                                  \fi \fi 
l.288 			\lstinputlisting{./codes/consumer.ino}
                                               			 <./images/consumeProblem.png
>] (./codes/consumer.ino) (./codes/void.ino [33] [34]) (./codes/loop.ino
[35]) [36] [37]
3. fejezet.

Underfull \hbox (badness 1142) in paragraph at lines 324--324
 [][][]\T1/lmr/m/n/10 Egy ter-ve-zÈ-si min-ta. Model-View-Controller. H·-rom fÆ
 kom-po-nens-bÆl ·ll: Mo-dell, NÈ-
 []

[38

] [39]
LaTeX Font Info:    Trying to load font information for T1+lmtt on input line 3
58.
 (e:/Programok/texlive/2020/texmf-dist/tex/latex/lm/t1lmtt.fd
File: t1lmtt.fd 2009/10/30 v1.6 Font defs for Latin Modern
)
[40] [41] [42]
<./images/quiztest.png, id=1231, 1284.8pt x 711.65875pt>
File: ./images/quiztest.png Graphic file (type png)
<use ./images/quiztest.png>
Package pdftex.def Info: ./images/quiztest.png  used on input line 418.
(pdftex.def)             Requested size: 385.44298pt x 213.49927pt.
<./images/quizresult.png, id=1232, 1284.8pt x 707.64375pt>
File: ./images/quizresult.png Graphic file (type png)
<use ./images/quizresult.png>
Package pdftex.def Info: ./images/quizresult.png  used on input line 425.
(pdftex.def)             Requested size: 385.44298pt x 212.29475pt.
 [43pdfTeX warning (ext4): destination with the same identifier (name{figure.3.
1}) has been already used, duplicate ignored

\AtBegShi@Output ...ipout \box \AtBeginShipoutBox 
                                                  \fi \fi 
l.433 			\par
              K√âP !!!!!!!!!!!!!!!!!!!!!!!!!!!!!!!!!!!!!!!!!! <./images/quiztes
t.png>]
<./images/contactme.png, id=1240, 1284.8pt x 708.6475pt>
File: ./images/contactme.png Graphic file (type png)
<use ./images/contactme.png>
Package pdftex.def Info: ./images/contactme.png  used on input line 445.
(pdftex.def)             Requested size: 385.44298pt x 212.59589pt.
 [44pdfTeX warning (ext4): destination with the same identifier (name{figure.3.
2}) has been already used, duplicate ignored

\AtBegShi@Output ...ipout \box \AtBeginShipoutBox 
                                                  \fi \fi 
l.449 		\subsection
                   {Gal√©ria} <./images/quizresult.png>]
<./images/gallery.png, id=1247, 1284.8pt x 649.42625pt>
File: ./images/gallery.png Graphic file (type png)
<use ./images/gallery.png>
Package pdftex.def Info: ./images/gallery.png  used on input line 454.
(pdftex.def)             Requested size: 385.44298pt x 194.82938pt.
 [45pdfTeX warning (ext4): destination with the same identifier (name{figure.3.
3}) has been already used, duplicate ignored

\AtBegShi@Output ...ipout \box \AtBeginShipoutBox 
                                                  \fi \fi 
l.461 \chapter
              {Fejleszt≈ëi k√∂rnyezetek √©s publik√°ci√≥i} <./images/contactme.
png>] [46pdfTeX warning (ext4): destination with the same identifier (name{figu
re.3.4}) has been already used, duplicate ignored

\AtBegShi@Output ...ipout \box \AtBeginShipoutBox 
                                                  \fi \fi 
l.461 \chapter
              {Fejleszt≈ëi k√∂rnyezetek √©s publik√°ci√≥i} <./images/gallery.pn
g>]
4. fejezet.
<./images/github.png, id=1260, 1284.8pt x 645.41125pt>
File: ./images/github.png Graphic file (type png)
<use ./images/github.png>
Package pdftex.def Info: ./images/github.png  used on input line 470.
(pdftex.def)             Requested size: 449.68674pt x 225.89732pt.

Overfull \hbox (8.669pt too wide) in paragraph at lines 470--471
 [][] 
 []

[47

]
<./images/trello.png, id=1265, 1284.8pt x 645.41125pt>
File: ./images/trello.png Graphic file (type png)
<use ./images/trello.png>
Package pdftex.def Info: ./images/trello.png  used on input line 480.
(pdftex.def)             Requested size: 449.68674pt x 225.89732pt.

Overfull \hbox (8.669pt too wide) in paragraph at lines 480--481
 [][] 
 []


LaTeX Warning: `h' float specifier changed to `ht'.

[48pdfTeX warning (ext4): destination with the same identifier (name{figure.4.1
}) has been already used, duplicate ignored

\AtBegShi@Output ...ipout \box \AtBeginShipoutBox 
                                                  \fi \fi 
l.498 			\par E
               bben a fejezetben az encoder m≈±k√∂d√©s√©r≈ël olvashatunk kic...
 <./images/github.png>]
<./images/firstenc.png, id=1273, 763.85374pt x 233.87375pt>
File: ./images/firstenc.png Graphic file (type png)
<use ./images/firstenc.png>
Package pdftex.def Info: ./images/firstenc.png  used on input line 502.
(pdftex.def)             Requested size: 381.92593pt x 116.93657pt.
<./images/secondenc.png, id=1275, 768.8725pt x 238.8925pt>
File: ./images/secondenc.png Graphic file (type png)
<use ./images/secondenc.png>
Package pdftex.def Info: ./images/secondenc.png  used on input line 508.
(pdftex.def)             Requested size: 384.4353pt x 119.44595pt.
<./images/thirdenc.png, id=1277, 765.86125pt x 238.8925pt>
File: ./images/thirdenc.png Graphic file (type png)
<use ./images/thirdenc.png>
Package pdftex.def Info: ./images/thirdenc.png  used on input line 514.
(pdftex.def)             Requested size: 382.92969pt x 119.44595pt.
<./images/forthenc.png, id=1279, 764.8575pt x 234.8775pt>
File: ./images/forthenc.png Graphic file (type png)
<use ./images/forthenc.png>
Package pdftex.def Info: ./images/forthenc.png  used on input line 520.
(pdftex.def)             Requested size: 382.42781pt x 117.43846pt.
 [49pdfTeX warning (ext4): destination with the same identifier (name{figure.4.
2}) has been already used, duplicate ignored

\AtBegShi@Output ...ipout \box \AtBeginShipoutBox 
                                                  \fi \fi 
l.524 			\par
              Kor√°bban megbesz√©lt√ºk, hogy m√≠g egy √≥ramutat√≥ j√°r√°s√°v...
 <./images/trello.png>]

LaTeX Warning: `h' float specifier changed to `ht'.

<./images/fullenc.png, id=1289, 764.8575pt x 237.88875pt>
File: ./images/fullenc.png Graphic file (type png)
<use ./images/fullenc.png>
Package pdftex.def Info: ./images/fullenc.png  used on input line 527.
(pdftex.def)             Requested size: 382.42781pt x 118.94408pt.
<./images/fullencback.png, id=1291, 314.17375pt x 157.58875pt>
File: ./images/fullencback.png Graphic file (type png)
<use ./images/fullencback.png>
Package pdftex.def Info: ./images/fullencback.png  used on input line 533.
(pdftex.def)             Requested size: 377.0066pt x 189.10553pt.

LaTeX Warning: `h' float specifier changed to `ht'.


LaTeX Warning: `h' float specifier changed to `ht'.

[50pdfTeX warning (ext4): destination with the same identifier (name{figure.4.3
}) has been already used, duplicate ignored

\AtBegShi@Output ...ipout \box \AtBeginShipoutBox 
                                                  \fi \fi 
l.537 		\clearpage
                  pdfTeX warning (ext4): destination with the same identifier (
name{figure.4.4}) has been already used, duplicate ignored

\AtBegShi@Output ...ipout \box \AtBeginShipoutBox 
                                                  \fi \fi 
l.537 		\clearpage
                  pdfTeX warning (ext4): destination with the same identifier (
name{figure.4.5}) has been already used, duplicate ignored

\AtBegShi@Output ...ipout \box \AtBeginShipoutBox 
                                                  \fi \fi 
l.537 		\clearpage
                   <./images/firstenc.png> <./images/secondenc.png> <./images/t
hirdenc.png>] [51pdfTeX warning (ext4): destination with the same identifier (n
ame{figure.4.6}) has been already used, duplicate ignored

\AtBegShi@Output ...ipout \box \AtBeginShipoutBox 
                                                  \fi \fi 
l.537 		\clearpage
                  pdfTeX warning (ext4): destination with the same identifier (
name{figure.4.7}) has been already used, duplicate ignored

\AtBegShi@Output ...ipout \box \AtBeginShipoutBox 
                                                  \fi \fi 
l.537 		\clearpage
                  pdfTeX warning (ext4): destination with the same identifier (
name{figure.4.8}) has been already used, duplicate ignored

\AtBegShi@Output ...ipout \box \AtBeginShipoutBox 
                                                  \fi \fi 
l.537 		\clearpage
                   <./images/forthenc.png> <./images/fullenc.png> <./images/ful
lencback.png>] [52

]
Underfull \hbox (badness 10000) in paragraph at lines 562--563
[]\T1/lmr/m/sc/12 https://gershojenergia.com/napelem-kisokos/optimalis-napelem-

 []


Underfull \hbox (badness 10000) in paragraph at lines 564--565
[][]$\T1/lmtt/m/sc/12 https : / / elmuemasz . hu / egyetemes-[]szolgaltatas / s
zolgaltatasok /
 []


Underfull \hbox (badness 10000) in paragraph at lines 564--565
\T1/lmtt/m/sc/12 villamos-[]energia / aramdij-[]kalkulatorok / lakossagi-[]aram
dij-[]elmu ?
 []


Underfull \hbox (badness 10000) in paragraph at lines 564--565
\T1/lmtt/m/sc/12 fbclid = IwAR3UKUacdAXQeBuYPsDckohKhAf _ hY2TnitQqGmBwRiFq _
 []


Underfull \hbox (badness 10000) in paragraph at lines 566--567
[][]$\T1/lmtt/m/sc/12 http : / / www . personal . ceu . hu / students / 03 / Al
exandra _ Novikova / 2 / El %
 []


Underfull \hbox (badness 10000) in paragraph at lines 566--567
\T1/lmtt/m/sc/12 20tertiary % 20site % 20folders / documents / description _ of
 _ eltertiary _
 []


Underfull \hbox (badness 10000) in paragraph at lines 576--577
[][]$\T1/lmtt/m/sc/12 https : / / gershojenergia . com / napelem-[]kisokos /
 []


Underfull \hbox (badness 10000) in paragraph at lines 578--579
[][]$\T1/lmtt/m/sc/12 https : / / go . gale . com / ps / i . do ? p = SCIC & u 
= dclib _ main & v = 2 . 1 & it = r & id =
 []

Package atveryend Info: Empty hook `BeforeClearDocument' on input line 592.
[53

]
Package atveryend Info: Empty hook `AfterLastShipout' on input line 592.
 (./document.aux)
Package atveryend Info: Executing hook `AtVeryEndDocument' on input line 592.
Package atveryend Info: Executing hook `AtEndAfterFileList' on input line 592.


Package rerunfilecheck Warning: File `document.out' has changed.
(rerunfilecheck)                Rerun to get outlines right
(rerunfilecheck)                or use package `bookmark'.

Package rerunfilecheck Info: Checksums for `document.out':
(rerunfilecheck)             Before: 9F023205DFBA9CD9B2B88A834107CA81;12387
(rerunfilecheck)             After:  57FB999DE891B90888DAFE7B002B3B42;12322.

LaTeX Warning: There were multiply-defined labels.

Package atveryend Info: Empty hook `AtVeryVeryEnd' on input line 592.
 ) 
Here is how much of TeX's memory you used:
 16392 strings out of 480876
 240757 string characters out of 5906597
 704425 words of memory out of 5000000
 30917 multiletter control sequences out of 15000+600000
 608907 words of font info for 89 fonts, out of 8000000 for 9000
 1141 hyphenation exceptions out of 8191
 51i,7n,42p,1816b,2012s stack positions out of 5000i,500n,10000p,200000b,80000s
{e:/Programok/texlive/2020/texmf-dist/fonts/enc/dvips/lm/lm-ec.enc}{e:/Progra
mok/texlive/2020/texmf-dist/fonts/enc/dvips/lm/lm-mathsy.enc}{e:/Programok/texl
ive/2020/texmf-dist/fonts/enc/dvips/lm/lm-mathit.enc}{e:/Programok/texlive/2020
/texmf-dist/fonts/enc/dvips/lm/lm-rm.enc}{e:/Programok/texlive/2020/texmf-dist/
fonts/enc/dvips/lm/lm-ts1.enc}<e:/Programok/texlive/2020/texmf-dist/fonts/type1
/public/lm/lmbx12.pfb><e:/Programok/texlive/2020/texmf-dist/fonts/type1/public/
lm/lmcsc10.pfb><e:/Programok/texlive/2020/texmf-dist/fonts/type1/public/lm/lmmi
12.pfb><e:/Programok/texlive/2020/texmf-dist/fonts/type1/public/lm/lmmi8.pfb><e
:/Programok/texlive/2020/texmf-dist/fonts/type1/public/lm/lmr10.pfb><e:/Program
ok/texlive/2020/texmf-dist/fonts/type1/public/lm/lmr12.pfb><e:/Programok/texliv
e/2020/texmf-dist/fonts/type1/public/lm/lmr7.pfb><e:/Programok/texlive/2020/tex
mf-dist/fonts/type1/public/lm/lmr8.pfb><e:/Programok/texlive/2020/texmf-dist/fo
nts/type1/public/lm/lmri12.pfb><e:/Programok/texlive/2020/texmf-dist/fonts/type
1/public/lm/lmsy10.pfb><e:/Programok/texlive/2020/texmf-dist/fonts/type1/public
/lm/lmsy8.pfb><e:/Programok/texlive/2020/texmf-dist/fonts/type1/public/lm/lmtcs
c10.pfb><e:/Programok/texlive/2020/texmf-dist/fonts/type1/public/lm/lmtt12.pfb>

Output written on document.pdf (53 pages, 3488795 bytes).
PDF statistics:
 1562 PDF objects out of 1728 (max. 8388607)
 1437 compressed objects within 15 object streams
 789 named destinations out of 1000 (max. 500000)
 631 words of extra memory for PDF output out of 10000 (max. 10000000)

